2025-04-29 09:02:48,773 INFO o.a.j.u.JMeterUtils: Setting Locale to en_EN
2025-04-29 09:02:48,790 INFO o.a.j.JMeter: Loading user properties from: C:\Users\£ukasz\Downloads\apache-jmeter-5.6.3\apache-jmeter-5.6.3\bin\user.properties
2025-04-29 09:02:48,790 INFO o.a.j.JMeter: Loading system properties from: C:\Users\£ukasz\Downloads\apache-jmeter-5.6.3\apache-jmeter-5.6.3\bin\system.properties
2025-04-29 09:02:48,795 INFO o.a.j.JMeter: Copyright (c) 1998-2024 The Apache Software Foundation
2025-04-29 09:02:48,795 INFO o.a.j.JMeter: Version 5.6.3
2025-04-29 09:02:48,795 INFO o.a.j.JMeter: java.version=17.0.10
2025-04-29 09:02:48,795 INFO o.a.j.JMeter: java.vm.name=Java HotSpot(TM) 64-Bit Server VM
2025-04-29 09:02:48,795 INFO o.a.j.JMeter: os.name=Windows 10
2025-04-29 09:02:48,796 INFO o.a.j.JMeter: os.arch=amd64
2025-04-29 09:02:48,796 INFO o.a.j.JMeter: os.version=10.0
2025-04-29 09:02:48,796 INFO o.a.j.JMeter: file.encoding=Cp1250
2025-04-29 09:02:48,796 INFO o.a.j.JMeter: java.awt.headless=null
2025-04-29 09:02:48,796 INFO o.a.j.JMeter: Max memory     =1073741824
2025-04-29 09:02:48,796 INFO o.a.j.JMeter: Available Processors =12
2025-04-29 09:02:48,803 INFO o.a.j.JMeter: Default Locale=English (EN)
2025-04-29 09:02:48,804 INFO o.a.j.JMeter: JMeter  Locale=English (EN)
2025-04-29 09:02:48,804 INFO o.a.j.JMeter: JMeterHome=C:\Users\£ukasz\Downloads\apache-jmeter-5.6.3\apache-jmeter-5.6.3
2025-04-29 09:02:48,804 INFO o.a.j.JMeter: user.dir  =C:\PersonalizedStudyPlanner
2025-04-29 09:02:48,804 INFO o.a.j.JMeter: PWD       =C:\PersonalizedStudyPlanner
2025-04-29 09:02:53,309 INFO o.a.j.JMeter: IP: 172.16.1.10 Name: DESKTOP-3D7SKEG FullName: DESKTOP-3D7SKEG
2025-04-29 09:02:53,319 INFO o.a.j.JMeter: Loaded icon properties from org/apache/jmeter/images/icon.properties
2025-04-29 09:02:53,451 INFO o.a.j.JMeterGuiLauncher: Setting LAF to: com.github.weisj.darklaf.DarkLaf:com.github.weisj.darklaf.theme.DarculaTheme
2025-04-29 09:03:28,001 INFO o.a.j.p.h.s.HTTPSamplerBase: Parser for text/html is org.apache.jmeter.protocol.http.parser.LagartoBasedHtmlParser
2025-04-29 09:03:28,001 INFO o.a.j.p.h.s.HTTPSamplerBase: Parser for application/xhtml+xml is org.apache.jmeter.protocol.http.parser.LagartoBasedHtmlParser
2025-04-29 09:03:28,001 INFO o.a.j.p.h.s.HTTPSamplerBase: Parser for application/xml is org.apache.jmeter.protocol.http.parser.LagartoBasedHtmlParser
2025-04-29 09:03:28,001 INFO o.a.j.p.h.s.HTTPSamplerBase: Parser for text/xml is org.apache.jmeter.protocol.http.parser.LagartoBasedHtmlParser
2025-04-29 09:03:28,001 INFO o.a.j.p.h.s.HTTPSamplerBase: Parser for text/vnd.wap.wml is org.apache.jmeter.protocol.http.parser.RegexpHTMLParser
2025-04-29 09:03:28,001 INFO o.a.j.p.h.s.HTTPSamplerBase: Parser for text/css is org.apache.jmeter.protocol.http.parser.CssParser
2025-04-29 09:03:42,895 INFO o.a.j.s.SampleResult: Note: Sample TimeStamps are START times
2025-04-29 09:03:42,896 INFO o.a.j.s.SampleResult: sampleresult.default.encoding is set to UTF-8
2025-04-29 09:03:42,896 INFO o.a.j.s.SampleResult: sampleresult.useNanoTime=true
2025-04-29 09:03:42,896 INFO o.a.j.s.SampleResult: sampleresult.nanoThreadSleep=5000
